<?xml version="1.0" encoding="UTF-8"?>
<!-- Generated by org.testng.reporters.JUnitReportReporter -->
<testsuite hostname="Shubham" failures="0" tests="3" name="testNG.Dataprovider" time="1.251" errors="1" timestamp="2023-10-24T00:35:13 IST" skipped="2">
  <testcase classname="testNG.Dataprovider" name="clear" time="0.000">
    <skipped/>
  </testcase> <!-- clear -->
  <testcase classname="testNG.Dataprovider" name="setenv" time="1.251">
    <error message="session not created: This version of ChromeDriver only supports Chrome version 115
Current browser version is 118.0.5993.89 with binary path C:\Program Files\Google\Chrome\Application\chrome.exe
Build info: version: &#039;3.141.59&#039;, revision: &#039;e82be7d358&#039;, time: &#039;2018-11-14T08:25:48&#039;
System info: host: &#039;SHUBHAM&#039;, ip: &#039;192.168.1.10&#039;, os.name: &#039;Windows 11&#039;, os.arch: &#039;amd64&#039;, os.version: &#039;10.0&#039;, java.version: &#039;11.0.18&#039;
Driver info: driver.version: ChromeDriver
remote stacktrace: Backtrace:
	GetHandleVerifier [0x00007FF75B013E52+57250]
	(No symbol) [0x00007FF75AF8BBF2]
	(No symbol) [0x00007FF75AE5E0BB]
	(No symbol) [0x00007FF75AE89DCB]
	(No symbol) [0x00007FF75AE84D7D]
	(No symbol) [0x00007FF75AE82E9A]
	(No symbol) [0x00007FF75AEBE1E7]
	(No symbol) [0x00007FF75AEBDD50]
	(No symbol) [0x00007FF75AEB6583]
	(No symbol) [0x00007FF75AE8CC71]
	(No symbol) [0x00007FF75AE8DE54]
	GetHandleVerifier [0x00007FF75B2C4CE2+2879026]
	GetHandleVerifier [0x00007FF75B316F20+3215472]
	GetHandleVerifier [0x00007FF75B30FD3F+3186319]
	GetHandleVerifier [0x00007FF75B0A54F5+652869]
	(No symbol) [0x00007FF75AF97508]
	(No symbol) [0x00007FF75AF935E4]
	(No symbol) [0x00007FF75AF936DC]
	(No symbol) [0x00007FF75AF838D3]
	BaseThreadInitThunk [0x00007FFD5459257D+29]
	RtlUserThreadStart [0x00007FFD5512AA78+40]
" type="org.openqa.selenium.SessionNotCreatedException">
      <![CDATA[org.openqa.selenium.SessionNotCreatedException: session not created: This version of ChromeDriver only supports Chrome version 115
Current browser version is 118.0.5993.89 with binary path C:\Program Files\Google\Chrome\Application\chrome.exe
Build info: version: '3.141.59', revision: 'e82be7d358', time: '2018-11-14T08:25:48'
System info: host: 'SHUBHAM', ip: '192.168.1.10', os.name: 'Windows 11', os.arch: 'amd64', os.version: '10.0', java.version: '11.0.18'
Driver info: driver.version: ChromeDriver
remote stacktrace: Backtrace:
GetHandleVerifier [0x00007FF75B013E52+57250]
(No symbol) [0x00007FF75AF8BBF2]
(No symbol) [0x00007FF75AE5E0BB]
(No symbol) [0x00007FF75AE89DCB]
(No symbol) [0x00007FF75AE84D7D]
(No symbol) [0x00007FF75AE82E9A]
(No symbol) [0x00007FF75AEBE1E7]
(No symbol) [0x00007FF75AEBDD50]
(No symbol) [0x00007FF75AEB6583]
(No symbol) [0x00007FF75AE8CC71]
(No symbol) [0x00007FF75AE8DE54]
GetHandleVerifier [0x00007FF75B2C4CE2+2879026]
GetHandleVerifier [0x00007FF75B316F20+3215472]
GetHandleVerifier [0x00007FF75B30FD3F+3186319]
GetHandleVerifier [0x00007FF75B0A54F5+652869]
(No symbol) [0x00007FF75AF97508]
(No symbol) [0x00007FF75AF935E4]
(No symbol) [0x00007FF75AF936DC]
(No symbol) [0x00007FF75AF838D3]
BaseThreadInitThunk [0x00007FFD5459257D+29]
RtlUserThreadStart [0x00007FFD5512AA78+40]

at java.base/jdk.internal.reflect.NativeConstructorAccessorImpl.newInstance0(Native Method)
at java.base/jdk.internal.reflect.NativeConstructorAccessorImpl.newInstance(NativeConstructorAccessorImpl.java:62)
at java.base/jdk.internal.reflect.DelegatingConstructorAccessorImpl.newInstance(DelegatingConstructorAccessorImpl.java:45)
at java.base/java.lang.reflect.Constructor.newInstance(Constructor.java:490)
at org.openqa.selenium.remote.W3CHandshakeResponse.lambda$errorHandler$0(W3CHandshakeResponse.java:62)
at org.openqa.selenium.remote.HandshakeResponse.lambda$getResponseFunction$0(HandshakeResponse.java:30)
at org.openqa.selenium.remote.ProtocolHandshake.lambda$createSession$0(ProtocolHandshake.java:126)
at java.base/java.util.stream.ReferencePipeline$3$1.accept(ReferencePipeline.java:195)
at java.base/java.util.Spliterators$ArraySpliterator.tryAdvance(Spliterators.java:958)
at java.base/java.util.stream.ReferencePipeline.forEachWithCancel(ReferencePipeline.java:127)
at java.base/java.util.stream.AbstractPipeline.copyIntoWithCancel(AbstractPipeline.java:502)
at java.base/java.util.stream.AbstractPipeline.copyInto(AbstractPipeline.java:488)
at java.base/java.util.stream.AbstractPipeline.wrapAndCopyInto(AbstractPipeline.java:474)
at java.base/java.util.stream.FindOps$FindOp.evaluateSequential(FindOps.java:150)
at java.base/java.util.stream.AbstractPipeline.evaluate(AbstractPipeline.java:234)
at java.base/java.util.stream.ReferencePipeline.findFirst(ReferencePipeline.java:543)
at org.openqa.selenium.remote.ProtocolHandshake.createSession(ProtocolHandshake.java:128)
at org.openqa.selenium.remote.ProtocolHandshake.createSession(ProtocolHandshake.java:74)
at org.openqa.selenium.remote.HttpCommandExecutor.execute(HttpCommandExecutor.java:136)
at org.openqa.selenium.remote.service.DriverCommandExecutor.execute(DriverCommandExecutor.java:83)
at org.openqa.selenium.remote.RemoteWebDriver.execute(RemoteWebDriver.java:552)
at org.openqa.selenium.remote.RemoteWebDriver.startSession(RemoteWebDriver.java:213)
at org.openqa.selenium.remote.RemoteWebDriver.<init>(RemoteWebDriver.java:131)
at org.openqa.selenium.chrome.ChromeDriver.<init>(ChromeDriver.java:181)
at org.openqa.selenium.chrome.ChromeDriver.<init>(ChromeDriver.java:168)
at org.openqa.selenium.chrome.ChromeDriver.<init>(ChromeDriver.java:123)
at testNG.Dataprovider.setenv(Dataprovider.java:23)
at java.base/jdk.internal.reflect.NativeMethodAccessorImpl.invoke0(Native Method)
at java.base/jdk.internal.reflect.NativeMethodAccessorImpl.invoke(NativeMethodAccessorImpl.java:62)
at java.base/jdk.internal.reflect.DelegatingMethodAccessorImpl.invoke(DelegatingMethodAccessorImpl.java:43)
at java.base/java.lang.reflect.Method.invoke(Method.java:566)
at org.testng.internal.invokers.MethodInvocationHelper.invokeMethod(MethodInvocationHelper.java:139)
at org.testng.internal.invokers.MethodInvocationHelper.invokeMethodConsideringTimeout(MethodInvocationHelper.java:69)
at org.testng.internal.invokers.ConfigInvoker.invokeConfigurationMethod(ConfigInvoker.java:390)
at org.testng.internal.invokers.ConfigInvoker.invokeConfigurations(ConfigInvoker.java:325)
at org.testng.internal.invokers.TestMethodWorker.invokeBeforeClassMethods(TestMethodWorker.java:180)
at org.testng.internal.invokers.TestMethodWorker.run(TestMethodWorker.java:122)
at java.base/java.util.ArrayList.forEach(ArrayList.java:1541)
at org.testng.TestRunner.privateRun(TestRunner.java:848)
at org.testng.TestRunner.run(TestRunner.java:621)
at org.testng.SuiteRunner.runTest(SuiteRunner.java:443)
at org.testng.SuiteRunner.runSequentially(SuiteRunner.java:437)
at org.testng.SuiteRunner.privateRun(SuiteRunner.java:397)
at org.testng.SuiteRunner.run(SuiteRunner.java:336)
at org.testng.SuiteRunnerWorker.runSuite(SuiteRunnerWorker.java:52)
at org.testng.SuiteRunnerWorker.run(SuiteRunnerWorker.java:95)
at org.testng.TestNG.runSuitesSequentially(TestNG.java:1280)
at org.testng.TestNG.runSuitesLocally(TestNG.java:1200)
at org.testng.TestNG.runSuites(TestNG.java:1114)
at org.testng.TestNG.run(TestNG.java:1082)
at org.testng.remote.AbstractRemoteTestNG.run(AbstractRemoteTestNG.java:115)
at org.testng.remote.RemoteTestNG.initAndRun(RemoteTestNG.java:251)
at org.testng.remote.RemoteTestNG.main(RemoteTestNG.java:77)
]]>
    </error>
  </testcase> <!-- setenv -->
  <testcase classname="testNG.Dataprovider" name="clear" time="0.000">
    <skipped/>
  </testcase> <!-- clear -->
</testsuite> <!-- testNG.Dataprovider -->
